<?xml version="1.0" encoding="UTF-8"?>
<testng-results skipped="0" failed="0" ignored="0" total="2" passed="2">
  <reporter-output>
  </reporter-output>
  <suite name="Default suite" duration-ms="59" started-at="2019-02-28T07:35:44Z" finished-at="2019-02-28T07:35:44Z">
    <groups>
      <group name="fast">
        <method signature="SimpleTest.aFastTest()[pri:0, instance:Functional.SimpleTest@548a9f61]" name="aFastTest" class="Functional.SimpleTest"/>
      </group> <!-- fast -->
      <group name="slow">
        <method signature="SimpleTest.aSlowTest()[pri:0, instance:Functional.SimpleTest@548a9f61]" name="aSlowTest" class="Functional.SimpleTest"/>
      </group> <!-- slow -->
    </groups>
    <test name="Default test" duration-ms="59" started-at="2019-02-28T07:35:44Z" finished-at="2019-02-28T07:35:44Z">
      <class name="Functional.SimpleTest">
        <test-method status="PASS" signature="setUp()[pri:0, instance:Functional.SimpleTest@548a9f61]" name="setUp" is-config="true" duration-ms="13" started-at="2019-02-28T07:35:44Z" finished-at="2019-02-28T07:35:44Z">
          <reporter-output>
          </reporter-output>
        </test-method> <!-- setUp -->
        <test-method status="PASS" signature="aFastTest()[pri:0, instance:Functional.SimpleTest@548a9f61]" name="aFastTest" duration-ms="7" started-at="2019-02-28T07:35:44Z" finished-at="2019-02-28T07:35:44Z">
          <reporter-output>
          </reporter-output>
        </test-method> <!-- aFastTest -->
        <test-method status="PASS" signature="aSlowTest()[pri:0, instance:Functional.SimpleTest@548a9f61]" name="aSlowTest" duration-ms="2" started-at="2019-02-28T07:35:44Z" finished-at="2019-02-28T07:35:44Z">
          <reporter-output>
          </reporter-output>
        </test-method> <!-- aSlowTest -->
      </class> <!-- Functional.SimpleTest -->
    </test> <!-- Default test -->
  </suite> <!-- Default suite -->
</testng-results>
